<?xml version="1.0" encoding="UTF-8"?>
<testsuite xmlns:xsi="http://www.w3.org/2001/XMLSchema-instance" xsi:noNamespaceSchemaLocation="https://maven.apache.org/surefire/maven-surefire-plugin/xsd/surefire-test-report-3.0.xsd" version="3.0" name="com.example.storage.bucket.AutoclassTest(sponge_log)" time="5.918" tests="1" errors="0" skipped="0" failures="0">
  <properties>
    <property name="gopherProxySet" value="false"/>
    <property name="awt.toolkit" value="sun.lwawt.macosx.LWCToolkit"/>
    <property name="java.specification.version" value="11"/>
    <property name="sun.cpu.isalist" value=""/>
    <property name="sun.jnu.encoding" value="UTF-8"/>
    <property name="java.class.path" value="/Users/ldetmer/workspace/java-storage/samples/install-without-bom/target/test-classes:/Users/ldetmer/workspace/java-storage/samples/install-without-bom/target/classes:/Users/ldetmer/.m2/repository/com/google/cloud/google-cloud-storage/2.42.0/google-cloud-storage-2.42.0.jar:/Users/ldetmer/.m2/repository/com/google/guava/guava/33.2.1-jre/guava-33.2.1-jre.jar:/Users/ldetmer/.m2/repository/com/google/guava/failureaccess/1.0.2/failureaccess-1.0.2.jar:/Users/ldetmer/.m2/repository/com/google/guava/listenablefuture/9999.0-empty-to-avoid-conflict-with-guava/listenablefuture-9999.0-empty-to-avoid-conflict-with-guava.jar:/Users/ldetmer/.m2/repository/com/google/errorprone/error_prone_annotations/2.30.0/error_prone_annotations-2.30.0.jar:/Users/ldetmer/.m2/repository/com/google/j2objc/j2objc-annotations/3.0.0/j2objc-annotations-3.0.0.jar:/Users/ldetmer/.m2/repository/com/google/http-client/google-http-client/1.44.2/google-http-client-1.44.2.jar:/Users/ldetmer/.m2/repository/io/grpc/grpc-context/1.66.0/grpc-context-1.66.0.jar:/Users/ldetmer/.m2/repository/io/opencensus/opencensus-contrib-http-util/0.31.1/opencensus-contrib-http-util-0.31.1.jar:/Users/ldetmer/.m2/repository/com/google/http-client/google-http-client-jackson2/1.44.2/google-http-client-jackson2-1.44.2.jar:/Users/ldetmer/.m2/repository/com/google/http-client/google-http-client-gson/1.44.2/google-http-client-gson-1.44.2.jar:/Users/ldetmer/.m2/repository/com/google/api-client/google-api-client/2.6.0/google-api-client-2.6.0.jar:/Users/ldetmer/.m2/repository/commons-codec/commons-codec/1.17.1/commons-codec-1.17.1.jar:/Users/ldetmer/.m2/repository/com/google/oauth-client/google-oauth-client/1.36.0/google-oauth-client-1.36.0.jar:/Users/ldetmer/.m2/repository/com/google/http-client/google-http-client-apache-v2/1.44.2/google-http-client-apache-v2-1.44.2.jar:/Users/ldetmer/.m2/repository/com/google/apis/google-api-services-storage/v1-rev20240706-2.0.0/google-api-services-storage-v1-rev20240706-2.0.0.jar:/Users/ldetmer/.m2/repository/com/google/code/gson/gson/2.11.0/gson-2.11.0.jar:/Users/ldetmer/.m2/repository/com/google/cloud/google-cloud-core/2.42.0/google-cloud-core-2.42.0.jar:/Users/ldetmer/.m2/repository/com/google/auto/value/auto-value-annotations/1.11.0/auto-value-annotations-1.11.0.jar:/Users/ldetmer/.m2/repository/com/google/cloud/google-cloud-core-http/2.42.0/google-cloud-core-http-2.42.0.jar:/Users/ldetmer/.m2/repository/com/google/http-client/google-http-client-appengine/1.44.2/google-http-client-appengine-1.44.2.jar:/Users/ldetmer/.m2/repository/com/google/api/gax-httpjson/2.52.0/gax-httpjson-2.52.0.jar:/Users/ldetmer/.m2/repository/com/google/cloud/google-cloud-core-grpc/2.42.0/google-cloud-core-grpc-2.42.0.jar:/Users/ldetmer/.m2/repository/com/google/api/gax/2.52.0/gax-2.52.0.jar:/Users/ldetmer/.m2/repository/com/google/api/gax-grpc/2.52.0/gax-grpc-2.52.0.jar:/Users/ldetmer/.m2/repository/io/grpc/grpc-inprocess/1.66.0/grpc-inprocess-1.66.0.jar:/Users/ldetmer/.m2/repository/io/grpc/grpc-alts/1.66.0/grpc-alts-1.66.0.jar:/Users/ldetmer/.m2/repository/io/grpc/grpc-grpclb/1.66.0/grpc-grpclb-1.66.0.jar:/Users/ldetmer/.m2/repository/org/conscrypt/conscrypt-openjdk-uber/2.5.2/conscrypt-openjdk-uber-2.5.2.jar:/Users/ldetmer/.m2/repository/io/grpc/grpc-auth/1.66.0/grpc-auth-1.66.0.jar:/Users/ldetmer/.m2/repository/com/google/auth/google-auth-library-credentials/1.24.1/google-auth-library-credentials-1.24.1.jar:/Users/ldetmer/.m2/repository/com/google/auth/google-auth-library-oauth2-http/1.24.1/google-auth-library-oauth2-http-1.24.1.jar:/Users/ldetmer/.m2/repository/com/google/api/api-common/2.35.0/api-common-2.35.0.jar:/Users/ldetmer/.m2/repository/javax/annotation/javax.annotation-api/1.3.2/javax.annotation-api-1.3.2.jar:/Users/ldetmer/.m2/repository/io/opencensus/opencensus-api/0.31.1/opencensus-api-0.31.1.jar:/Users/ldetmer/.m2/repository/com/google/api/grpc/proto-google-iam-v1/1.38.0/proto-google-iam-v1-1.38.0.jar:/Users/ldetmer/.m2/repository/com/google/protobuf/protobuf-java/3.25.4/protobuf-java-3.25.4.jar:/Users/ldetmer/.m2/repository/com/google/protobuf/protobuf-java-util/3.25.4/protobuf-java-util-3.25.4.jar:/Users/ldetmer/.m2/repository/io/grpc/grpc-core/1.66.0/grpc-core-1.66.0.jar:/Users/ldetmer/.m2/repository/com/google/android/annotations/4.1.1.4/annotations-4.1.1.4.jar:/Users/ldetmer/.m2/repository/org/codehaus/mojo/animal-sniffer-annotations/1.24/animal-sniffer-annotations-1.24.jar:/Users/ldetmer/.m2/repository/io/perfmark/perfmark-api/0.27.0/perfmark-api-0.27.0.jar:/Users/ldetmer/.m2/repository/io/grpc/grpc-protobuf/1.66.0/grpc-protobuf-1.66.0.jar:/Users/ldetmer/.m2/repository/io/grpc/grpc-protobuf-lite/1.66.0/grpc-protobuf-lite-1.66.0.jar:/Users/ldetmer/.m2/repository/com/google/api/grpc/proto-google-common-protos/2.43.0/proto-google-common-protos-2.43.0.jar:/Users/ldetmer/.m2/repository/org/threeten/threetenbp/1.6.9/threetenbp-1.6.9.jar:/Users/ldetmer/.m2/repository/com/google/api/grpc/proto-google-cloud-storage-v2/2.42.0-alpha/proto-google-cloud-storage-v2-2.42.0-alpha.jar:/Users/ldetmer/.m2/repository/com/google/api/grpc/grpc-google-cloud-storage-v2/2.42.0-alpha/grpc-google-cloud-storage-v2-2.42.0-alpha.jar:/Users/ldetmer/.m2/repository/com/google/api/grpc/gapic-google-cloud-storage-v2/2.42.0-alpha/gapic-google-cloud-storage-v2-2.42.0-alpha.jar:/Users/ldetmer/.m2/repository/io/opentelemetry/opentelemetry-sdk/1.41.0/opentelemetry-sdk-1.41.0.jar:/Users/ldetmer/.m2/repository/io/opentelemetry/opentelemetry-sdk-trace/1.41.0/opentelemetry-sdk-trace-1.41.0.jar:/Users/ldetmer/.m2/repository/io/opentelemetry/opentelemetry-sdk-logs/1.41.0/opentelemetry-sdk-logs-1.41.0.jar:/Users/ldetmer/.m2/repository/io/grpc/grpc-opentelemetry/1.66.0/grpc-opentelemetry-1.66.0.jar:/Users/ldetmer/.m2/repository/io/opentelemetry/opentelemetry-api/1.41.0/opentelemetry-api-1.41.0.jar:/Users/ldetmer/.m2/repository/io/opentelemetry/opentelemetry-context/1.41.0/opentelemetry-context-1.41.0.jar:/Users/ldetmer/.m2/repository/io/opentelemetry/opentelemetry-sdk-metrics/1.41.0/opentelemetry-sdk-metrics-1.41.0.jar:/Users/ldetmer/.m2/repository/io/opentelemetry/opentelemetry-api-incubator/1.41.0-alpha/opentelemetry-api-incubator-1.41.0-alpha.jar:/Users/ldetmer/.m2/repository/io/opentelemetry/opentelemetry-sdk-common/1.41.0/opentelemetry-sdk-common-1.41.0.jar:/Users/ldetmer/.m2/repository/io/opentelemetry/opentelemetry-sdk-extension-autoconfigure-spi/1.41.0/opentelemetry-sdk-extension-autoconfigure-spi-1.41.0.jar:/Users/ldetmer/.m2/repository/io/opentelemetry/semconv/opentelemetry-semconv/1.25.0-alpha/opentelemetry-semconv-1.25.0-alpha.jar:/Users/ldetmer/.m2/repository/com/google/cloud/opentelemetry/exporter-metrics/0.31.0/exporter-metrics-0.31.0.jar:/Users/ldetmer/.m2/repository/org/slf4j/slf4j-api/2.0.9/slf4j-api-2.0.9.jar:/Users/ldetmer/.m2/repository/com/google/cloud/google-cloud-monitoring/3.31.0/google-cloud-monitoring-3.31.0.jar:/Users/ldetmer/.m2/repository/com/google/api/grpc/proto-google-cloud-monitoring-v3/3.31.0/proto-google-cloud-monitoring-v3-3.31.0.jar:/Users/ldetmer/.m2/repository/io/opencensus/opencensus-proto/0.2.0/opencensus-proto-0.2.0.jar:/Users/ldetmer/.m2/repository/commons-logging/commons-logging/1.2/commons-logging-1.2.jar:/Users/ldetmer/.m2/repository/com/google/cloud/opentelemetry/shared-resourcemapping/0.31.0/shared-resourcemapping-0.31.0.jar:/Users/ldetmer/.m2/repository/io/opentelemetry/contrib/opentelemetry-gcp-resources/1.37.0-alpha/opentelemetry-gcp-resources-1.37.0-alpha.jar:/Users/ldetmer/.m2/repository/com/google/cloud/opentelemetry/detector-resources-support/0.31.0/detector-resources-support-0.31.0.jar:/Users/ldetmer/.m2/repository/org/checkerframework/checker-qual/3.46.0/checker-qual-3.46.0.jar:/Users/ldetmer/.m2/repository/com/fasterxml/jackson/core/jackson-core/2.17.2/jackson-core-2.17.2.jar:/Users/ldetmer/.m2/repository/com/google/code/findbugs/jsr305/3.0.2/jsr305-3.0.2.jar:/Users/ldetmer/.m2/repository/io/grpc/grpc-api/1.66.0/grpc-api-1.66.0.jar:/Users/ldetmer/.m2/repository/io/grpc/grpc-netty-shaded/1.66.0/grpc-netty-shaded-1.66.0.jar:/Users/ldetmer/.m2/repository/io/grpc/grpc-util/1.66.0/grpc-util-1.66.0.jar:/Users/ldetmer/.m2/repository/io/grpc/grpc-stub/1.66.0/grpc-stub-1.66.0.jar:/Users/ldetmer/.m2/repository/io/grpc/grpc-googleapis/1.66.0/grpc-googleapis-1.66.0.jar:/Users/ldetmer/.m2/repository/io/grpc/grpc-xds/1.66.0/grpc-xds-1.66.0.jar:/Users/ldetmer/.m2/repository/io/grpc/grpc-services/1.66.0/grpc-services-1.66.0.jar:/Users/ldetmer/.m2/repository/com/google/re2j/re2j/1.7/re2j-1.7.jar:/Users/ldetmer/.m2/repository/io/grpc/grpc-rls/1.66.0/grpc-rls-1.66.0.jar:/Users/ldetmer/.m2/repository/com/google/cloud/google-cloud-storage-control/2.42.0/google-cloud-storage-control-2.42.0.jar:/Users/ldetmer/.m2/repository/com/google/api/grpc/proto-google-cloud-storage-control-v2/2.42.0/proto-google-cloud-storage-control-v2-2.42.0.jar:/Users/ldetmer/.m2/repository/junit/junit/4.13.2/junit-4.13.2.jar:/Users/ldetmer/.m2/repository/org/hamcrest/hamcrest-core/1.3/hamcrest-core-1.3.jar:/Users/ldetmer/.m2/repository/com/google/truth/truth/1.4.4/truth-1.4.4.jar:/Users/ldetmer/.m2/repository/org/jspecify/jspecify/0.3.0/jspecify-0.3.0.jar:/Users/ldetmer/.m2/repository/org/ow2/asm/asm/9.7/asm-9.7.jar:/Users/ldetmer/.m2/repository/org/apache/httpcomponents/httpclient/4.5.14/httpclient-4.5.14.jar:/Users/ldetmer/.m2/repository/org/apache/httpcomponents/httpcore/4.4.16/httpcore-4.4.16.jar:/Users/ldetmer/.m2/repository/org/apache/httpcomponents/httpmime/4.5.14/httpmime-4.5.14.jar:/Users/ldetmer/.m2/repository/com/google/cloud/google-cloud-pubsub/1.132.2/google-cloud-pubsub-1.132.2.jar:/Users/ldetmer/.m2/repository/com/google/api/grpc/proto-google-cloud-pubsub-v1/1.114.2/proto-google-cloud-pubsub-v1-1.114.2.jar:/Users/ldetmer/.m2/repository/com/github/spotbugs/spotbugs-annotations/4.5.0/spotbugs-annotations-4.5.0.jar:/Users/ldetmer/.m2/repository/com/google/cloud/google-cloud-core/2.3.2/google-cloud-core-2.3.2-tests.jar:"/>
    <property name="java.vm.vendor" value="Azul Systems, Inc."/>
    <property name="sun.arch.data.model" value="64"/>
    <property name="java.vendor.url" value="http://www.azul.com/"/>
    <property name="user.timezone" value="America/New_York"/>
    <property name="java.vm.specification.version" value="11"/>
    <property name="os.name" value="Mac OS X"/>
    <property name="sun.java.launcher" value="SUN_STANDARD"/>
    <property name="user.country" value="US"/>
    <property name="sun.boot.library.path" value="/Users/ldetmer/.sdkman/candidates/java/11.0.24-zulu/zulu-11.jdk/Contents/Home/lib"/>
    <property name="sun.java.command" value="/Users/ldetmer/workspace/java-storage/samples/install-without-bom/target/surefire/surefirebooter8694907338165131371.jar /Users/ldetmer/workspace/java-storage/samples/install-without-bom/target/surefire 2024-09-13T16-29-45_460-jvmRun1 surefire17824920943588930014tmp surefire_016966495325168000943tmp"/>
    <property name="http.nonProxyHosts" value="local|*.local|169.254/16|*.169.254/16"/>
    <property name="jdk.debug" value="release"/>
    <property name="surefire.test.class.path" value="/Users/ldetmer/workspace/java-storage/samples/install-without-bom/target/test-classes:/Users/ldetmer/workspace/java-storage/samples/install-without-bom/target/classes:/Users/ldetmer/.m2/repository/com/google/cloud/google-cloud-storage/2.42.0/google-cloud-storage-2.42.0.jar:/Users/ldetmer/.m2/repository/com/google/guava/guava/33.2.1-jre/guava-33.2.1-jre.jar:/Users/ldetmer/.m2/repository/com/google/guava/failureaccess/1.0.2/failureaccess-1.0.2.jar:/Users/ldetmer/.m2/repository/com/google/guava/listenablefuture/9999.0-empty-to-avoid-conflict-with-guava/listenablefuture-9999.0-empty-to-avoid-conflict-with-guava.jar:/Users/ldetmer/.m2/repository/com/google/errorprone/error_prone_annotations/2.30.0/error_prone_annotations-2.30.0.jar:/Users/ldetmer/.m2/repository/com/google/j2objc/j2objc-annotations/3.0.0/j2objc-annotations-3.0.0.jar:/Users/ldetmer/.m2/repository/com/google/http-client/google-http-client/1.44.2/google-http-client-1.44.2.jar:/Users/ldetmer/.m2/repository/io/grpc/grpc-context/1.66.0/grpc-context-1.66.0.jar:/Users/ldetmer/.m2/repository/io/opencensus/opencensus-contrib-http-util/0.31.1/opencensus-contrib-http-util-0.31.1.jar:/Users/ldetmer/.m2/repository/com/google/http-client/google-http-client-jackson2/1.44.2/google-http-client-jackson2-1.44.2.jar:/Users/ldetmer/.m2/repository/com/google/http-client/google-http-client-gson/1.44.2/google-http-client-gson-1.44.2.jar:/Users/ldetmer/.m2/repository/com/google/api-client/google-api-client/2.6.0/google-api-client-2.6.0.jar:/Users/ldetmer/.m2/repository/commons-codec/commons-codec/1.17.1/commons-codec-1.17.1.jar:/Users/ldetmer/.m2/repository/com/google/oauth-client/google-oauth-client/1.36.0/google-oauth-client-1.36.0.jar:/Users/ldetmer/.m2/repository/com/google/http-client/google-http-client-apache-v2/1.44.2/google-http-client-apache-v2-1.44.2.jar:/Users/ldetmer/.m2/repository/com/google/apis/google-api-services-storage/v1-rev20240706-2.0.0/google-api-services-storage-v1-rev20240706-2.0.0.jar:/Users/ldetmer/.m2/repository/com/google/code/gson/gson/2.11.0/gson-2.11.0.jar:/Users/ldetmer/.m2/repository/com/google/cloud/google-cloud-core/2.42.0/google-cloud-core-2.42.0.jar:/Users/ldetmer/.m2/repository/com/google/auto/value/auto-value-annotations/1.11.0/auto-value-annotations-1.11.0.jar:/Users/ldetmer/.m2/repository/com/google/cloud/google-cloud-core-http/2.42.0/google-cloud-core-http-2.42.0.jar:/Users/ldetmer/.m2/repository/com/google/http-client/google-http-client-appengine/1.44.2/google-http-client-appengine-1.44.2.jar:/Users/ldetmer/.m2/repository/com/google/api/gax-httpjson/2.52.0/gax-httpjson-2.52.0.jar:/Users/ldetmer/.m2/repository/com/google/cloud/google-cloud-core-grpc/2.42.0/google-cloud-core-grpc-2.42.0.jar:/Users/ldetmer/.m2/repository/com/google/api/gax/2.52.0/gax-2.52.0.jar:/Users/ldetmer/.m2/repository/com/google/api/gax-grpc/2.52.0/gax-grpc-2.52.0.jar:/Users/ldetmer/.m2/repository/io/grpc/grpc-inprocess/1.66.0/grpc-inprocess-1.66.0.jar:/Users/ldetmer/.m2/repository/io/grpc/grpc-alts/1.66.0/grpc-alts-1.66.0.jar:/Users/ldetmer/.m2/repository/io/grpc/grpc-grpclb/1.66.0/grpc-grpclb-1.66.0.jar:/Users/ldetmer/.m2/repository/org/conscrypt/conscrypt-openjdk-uber/2.5.2/conscrypt-openjdk-uber-2.5.2.jar:/Users/ldetmer/.m2/repository/io/grpc/grpc-auth/1.66.0/grpc-auth-1.66.0.jar:/Users/ldetmer/.m2/repository/com/google/auth/google-auth-library-credentials/1.24.1/google-auth-library-credentials-1.24.1.jar:/Users/ldetmer/.m2/repository/com/google/auth/google-auth-library-oauth2-http/1.24.1/google-auth-library-oauth2-http-1.24.1.jar:/Users/ldetmer/.m2/repository/com/google/api/api-common/2.35.0/api-common-2.35.0.jar:/Users/ldetmer/.m2/repository/javax/annotation/javax.annotation-api/1.3.2/javax.annotation-api-1.3.2.jar:/Users/ldetmer/.m2/repository/io/opencensus/opencensus-api/0.31.1/opencensus-api-0.31.1.jar:/Users/ldetmer/.m2/repository/com/google/api/grpc/proto-google-iam-v1/1.38.0/proto-google-iam-v1-1.38.0.jar:/Users/ldetmer/.m2/repository/com/google/protobuf/protobuf-java/3.25.4/protobuf-java-3.25.4.jar:/Users/ldetmer/.m2/repository/com/google/protobuf/protobuf-java-util/3.25.4/protobuf-java-util-3.25.4.jar:/Users/ldetmer/.m2/repository/io/grpc/grpc-core/1.66.0/grpc-core-1.66.0.jar:/Users/ldetmer/.m2/repository/com/google/android/annotations/4.1.1.4/annotations-4.1.1.4.jar:/Users/ldetmer/.m2/repository/org/codehaus/mojo/animal-sniffer-annotations/1.24/animal-sniffer-annotations-1.24.jar:/Users/ldetmer/.m2/repository/io/perfmark/perfmark-api/0.27.0/perfmark-api-0.27.0.jar:/Users/ldetmer/.m2/repository/io/grpc/grpc-protobuf/1.66.0/grpc-protobuf-1.66.0.jar:/Users/ldetmer/.m2/repository/io/grpc/grpc-protobuf-lite/1.66.0/grpc-protobuf-lite-1.66.0.jar:/Users/ldetmer/.m2/repository/com/google/api/grpc/proto-google-common-protos/2.43.0/proto-google-common-protos-2.43.0.jar:/Users/ldetmer/.m2/repository/org/threeten/threetenbp/1.6.9/threetenbp-1.6.9.jar:/Users/ldetmer/.m2/repository/com/google/api/grpc/proto-google-cloud-storage-v2/2.42.0-alpha/proto-google-cloud-storage-v2-2.42.0-alpha.jar:/Users/ldetmer/.m2/repository/com/google/api/grpc/grpc-google-cloud-storage-v2/2.42.0-alpha/grpc-google-cloud-storage-v2-2.42.0-alpha.jar:/Users/ldetmer/.m2/repository/com/google/api/grpc/gapic-google-cloud-storage-v2/2.42.0-alpha/gapic-google-cloud-storage-v2-2.42.0-alpha.jar:/Users/ldetmer/.m2/repository/io/opentelemetry/opentelemetry-sdk/1.41.0/opentelemetry-sdk-1.41.0.jar:/Users/ldetmer/.m2/repository/io/opentelemetry/opentelemetry-sdk-trace/1.41.0/opentelemetry-sdk-trace-1.41.0.jar:/Users/ldetmer/.m2/repository/io/opentelemetry/opentelemetry-sdk-logs/1.41.0/opentelemetry-sdk-logs-1.41.0.jar:/Users/ldetmer/.m2/repository/io/grpc/grpc-opentelemetry/1.66.0/grpc-opentelemetry-1.66.0.jar:/Users/ldetmer/.m2/repository/io/opentelemetry/opentelemetry-api/1.41.0/opentelemetry-api-1.41.0.jar:/Users/ldetmer/.m2/repository/io/opentelemetry/opentelemetry-context/1.41.0/opentelemetry-context-1.41.0.jar:/Users/ldetmer/.m2/repository/io/opentelemetry/opentelemetry-sdk-metrics/1.41.0/opentelemetry-sdk-metrics-1.41.0.jar:/Users/ldetmer/.m2/repository/io/opentelemetry/opentelemetry-api-incubator/1.41.0-alpha/opentelemetry-api-incubator-1.41.0-alpha.jar:/Users/ldetmer/.m2/repository/io/opentelemetry/opentelemetry-sdk-common/1.41.0/opentelemetry-sdk-common-1.41.0.jar:/Users/ldetmer/.m2/repository/io/opentelemetry/opentelemetry-sdk-extension-autoconfigure-spi/1.41.0/opentelemetry-sdk-extension-autoconfigure-spi-1.41.0.jar:/Users/ldetmer/.m2/repository/io/opentelemetry/semconv/opentelemetry-semconv/1.25.0-alpha/opentelemetry-semconv-1.25.0-alpha.jar:/Users/ldetmer/.m2/repository/com/google/cloud/opentelemetry/exporter-metrics/0.31.0/exporter-metrics-0.31.0.jar:/Users/ldetmer/.m2/repository/org/slf4j/slf4j-api/2.0.9/slf4j-api-2.0.9.jar:/Users/ldetmer/.m2/repository/com/google/cloud/google-cloud-monitoring/3.31.0/google-cloud-monitoring-3.31.0.jar:/Users/ldetmer/.m2/repository/com/google/api/grpc/proto-google-cloud-monitoring-v3/3.31.0/proto-google-cloud-monitoring-v3-3.31.0.jar:/Users/ldetmer/.m2/repository/io/opencensus/opencensus-proto/0.2.0/opencensus-proto-0.2.0.jar:/Users/ldetmer/.m2/repository/commons-logging/commons-logging/1.2/commons-logging-1.2.jar:/Users/ldetmer/.m2/repository/com/google/cloud/opentelemetry/shared-resourcemapping/0.31.0/shared-resourcemapping-0.31.0.jar:/Users/ldetmer/.m2/repository/io/opentelemetry/contrib/opentelemetry-gcp-resources/1.37.0-alpha/opentelemetry-gcp-resources-1.37.0-alpha.jar:/Users/ldetmer/.m2/repository/com/google/cloud/opentelemetry/detector-resources-support/0.31.0/detector-resources-support-0.31.0.jar:/Users/ldetmer/.m2/repository/org/checkerframework/checker-qual/3.46.0/checker-qual-3.46.0.jar:/Users/ldetmer/.m2/repository/com/fasterxml/jackson/core/jackson-core/2.17.2/jackson-core-2.17.2.jar:/Users/ldetmer/.m2/repository/com/google/code/findbugs/jsr305/3.0.2/jsr305-3.0.2.jar:/Users/ldetmer/.m2/repository/io/grpc/grpc-api/1.66.0/grpc-api-1.66.0.jar:/Users/ldetmer/.m2/repository/io/grpc/grpc-netty-shaded/1.66.0/grpc-netty-shaded-1.66.0.jar:/Users/ldetmer/.m2/repository/io/grpc/grpc-util/1.66.0/grpc-util-1.66.0.jar:/Users/ldetmer/.m2/repository/io/grpc/grpc-stub/1.66.0/grpc-stub-1.66.0.jar:/Users/ldetmer/.m2/repository/io/grpc/grpc-googleapis/1.66.0/grpc-googleapis-1.66.0.jar:/Users/ldetmer/.m2/repository/io/grpc/grpc-xds/1.66.0/grpc-xds-1.66.0.jar:/Users/ldetmer/.m2/repository/io/grpc/grpc-services/1.66.0/grpc-services-1.66.0.jar:/Users/ldetmer/.m2/repository/com/google/re2j/re2j/1.7/re2j-1.7.jar:/Users/ldetmer/.m2/repository/io/grpc/grpc-rls/1.66.0/grpc-rls-1.66.0.jar:/Users/ldetmer/.m2/repository/com/google/cloud/google-cloud-storage-control/2.42.0/google-cloud-storage-control-2.42.0.jar:/Users/ldetmer/.m2/repository/com/google/api/grpc/proto-google-cloud-storage-control-v2/2.42.0/proto-google-cloud-storage-control-v2-2.42.0.jar:/Users/ldetmer/.m2/repository/junit/junit/4.13.2/junit-4.13.2.jar:/Users/ldetmer/.m2/repository/org/hamcrest/hamcrest-core/1.3/hamcrest-core-1.3.jar:/Users/ldetmer/.m2/repository/com/google/truth/truth/1.4.4/truth-1.4.4.jar:/Users/ldetmer/.m2/repository/org/jspecify/jspecify/0.3.0/jspecify-0.3.0.jar:/Users/ldetmer/.m2/repository/org/ow2/asm/asm/9.7/asm-9.7.jar:/Users/ldetmer/.m2/repository/org/apache/httpcomponents/httpclient/4.5.14/httpclient-4.5.14.jar:/Users/ldetmer/.m2/repository/org/apache/httpcomponents/httpcore/4.4.16/httpcore-4.4.16.jar:/Users/ldetmer/.m2/repository/org/apache/httpcomponents/httpmime/4.5.14/httpmime-4.5.14.jar:/Users/ldetmer/.m2/repository/com/google/cloud/google-cloud-pubsub/1.132.2/google-cloud-pubsub-1.132.2.jar:/Users/ldetmer/.m2/repository/com/google/api/grpc/proto-google-cloud-pubsub-v1/1.114.2/proto-google-cloud-pubsub-v1-1.114.2.jar:/Users/ldetmer/.m2/repository/com/github/spotbugs/spotbugs-annotations/4.5.0/spotbugs-annotations-4.5.0.jar:/Users/ldetmer/.m2/repository/com/google/cloud/google-cloud-core/2.3.2/google-cloud-core-2.3.2-tests.jar:"/>
    <property name="sun.cpu.endian" value="little"/>
    <property name="user.home" value="/Users/ldetmer"/>
    <property name="user.language" value="en"/>
    <property name="java.specification.vendor" value="Oracle Corporation"/>
    <property name="java.version.date" value="2024-07-16"/>
    <property name="java.home" value="/Users/ldetmer/.sdkman/candidates/java/11.0.24-zulu/zulu-11.jdk/Contents/Home"/>
    <property name="file.separator" value="/"/>
    <property name="basedir" value="/Users/ldetmer/workspace/java-storage/samples/install-without-bom"/>
    <property name="java.vm.compressedOopsMode" value="Zero based"/>
    <property name="line.separator" value="&#10;"/>
    <property name="java.specification.name" value="Java Platform API Specification"/>
    <property name="java.vm.specification.vendor" value="Oracle Corporation"/>
    <property name="jdk.vendor.version" value="Zulu11.74+15-CA"/>
    <property name="java.awt.graphicsenv" value="sun.awt.CGraphicsEnvironment"/>
    <property name="surefire.real.class.path" value="/Users/ldetmer/workspace/java-storage/samples/install-without-bom/target/surefire/surefirebooter8694907338165131371.jar"/>
    <property name="sun.management.compiler" value="HotSpot 64-Bit Tiered Compilers"/>
    <property name="ftp.nonProxyHosts" value="local|*.local|169.254/16|*.169.254/16"/>
    <property name="java.runtime.version" value="11.0.24+8-LTS"/>
    <property name="user.name" value="ldetmer"/>
    <property name="path.separator" value=":"/>
    <property name="os.version" value="14.6.1"/>
    <property name="java.runtime.name" value="OpenJDK Runtime Environment"/>
    <property name="file.encoding" value="UTF-8"/>
    <property name="java.vm.name" value="OpenJDK 64-Bit Server VM"/>
    <property name="java.vendor.version" value="Zulu11.74+15-CA"/>
    <property name="localRepository" value="/Users/ldetmer/.m2/repository"/>
    <property name="java.vendor.url.bug" value="http://www.azul.com/support/"/>
    <property name="java.io.tmpdir" value="/var/folders/zp/9_4msf6x0rzdmgxrvhv7vg3h012xt2/T/"/>
    <property name="java.version" value="11.0.24"/>
    <property name="user.dir" value="/Users/ldetmer/workspace/java-storage/samples/install-without-bom"/>
    <property name="os.arch" value="aarch64"/>
    <property name="java.vm.specification.name" value="Java Virtual Machine Specification"/>
    <property name="java.awt.printerjob" value="sun.lwawt.macosx.CPrinterJob"/>
    <property name="sun.os.patch.level" value="unknown"/>
    <property name="java.library.path" value="/Users/ldetmer/Library/Java/Extensions:/Library/Java/Extensions:/Network/Library/Java/Extensions:/System/Library/Java/Extensions:/usr/lib/java:."/>
    <property name="java.vm.info" value="mixed mode"/>
    <property name="java.vendor" value="Azul Systems, Inc."/>
    <property name="java.vm.version" value="11.0.24+8-LTS"/>
    <property name="java.specification.maintenance.version" value="2"/>
    <property name="sun.io.unicode.encoding" value="UnicodeBig"/>
    <property name="java.class.version" value="55.0"/>
    <property name="socksNonProxyHosts" value="local|*.local|169.254/16|*.169.254/16"/>
  </properties>
  <testcase name="testSetGetBucketAutoclass" classname="com.example.storage.bucket.AutoclassTest(sponge_log)" time="5.917">
    <system-out><![CDATA[Autoclass for bucket gcloud-test-bucket-temp-f99bbd84-e876-40cc-86a1-ad49f25bb5e0 was enabled.
Autoclass terminal storage class is NEARLINE
Autoclass is currently enabled for bucket gcloud-test-bucket-temp-f99bbd84-e876-40cc-86a1-ad49f25bb5e0 and was last changed at 2024-09-13T20:30:51.687Z. The terminal storage class is set to be NEARLINE last updated at 2024-09-13T20:30:51.687Z
]]></system-out>
  </testcase>
</testsuite>